Added Pin To Net: NetName=REL20 Pin=R24-1
Added Pin To Net: NetName=NetD1_2 Pin=D1-2
Added Pin To Net: NetName=NetD1_2 Pin=R1-1
Added Net: Name=NetD1_2
Added Pin To Net: NetName=NetU3_9 Pin=U3-9
Added Pin To Net: NetName=NetU3_9 Pin=U5-14
Added Net: Name=NetU3_9
Added Member To Class: ClassName=DE-260124 Member=Component C1 100nF
Added Member To Class: ClassName=DE-260124 Member=Component C2 100nF
Added Member To Class: ClassName=DE-260124 Member=Component C3 100nF
Added Member To Class: ClassName=DE-260124 Member=Component C4 100nF
Added Member To Class: ClassName=DE-260124 Member=Component C5 100nF
Added Member To Class: ClassName=DE-260124 Member=Component C6 4u7
Added Member To Class: ClassName=DE-260124 Member=Component C7 100nF
Added Member To Class: ClassName=DE-260124 Member=Component C8 1uF
Added Member To Class: ClassName=DE-260124 Member=Component C9 10nF
Added Member To Class: ClassName=DE-260124 Member=Component C10 100nF
Added Member To Class: ClassName=DE-260124 Member=Component C11 100nF
Added Member To Class: ClassName=DE-260124 Member=Component C12 10uF
Added Member To Class: ClassName=DE-260124 Member=Component C13 100nF
Added Member To Class: ClassName=DE-260124 Member=Component C14 22uF
Added Member To Class: ClassName=DE-260124 Member=Component C15 100nF
Added Member To Class: ClassName=DE-260124 Member=Component C16 10uF
Added Member To Class: ClassName=DE-260124 Member=Component C17 10uF
Added Member To Class: ClassName=DE-260124 Member=Component C18 100nF
Added Member To Class: ClassName=DE-260124 Member=Component C19 22uF
Added Member To Class: ClassName=DE-260124 Member=Component D1 LED_RED
Added Member To Class: ClassName=DE-260124 Member=Component D2 LED_RED
Added Member To Class: ClassName=DE-260124 Member=Component D3 LED_RED
Added Member To Class: ClassName=DE-260124 Member=Component D4 LED_RED
Added Member To Class: ClassName=DE-260124 Member=Component D5 LED_RED
Added Member To Class: ClassName=DE-260124 Member=Component D6 LED_RED
Added Member To Class: ClassName=DE-260124 Member=Component D7 LED_RED
Added Member To Class: ClassName=DE-260124 Member=Component D8 LED_RED
Added Member To Class: ClassName=DE-260124 Member=Component D9 LED_RED
Added Member To Class: ClassName=DE-260124 Member=Component D10 LED_RED
Added Member To Class: ClassName=DE-260124 Member=Component D11 LED_RED
Added Member To Class: ClassName=DE-260124 Member=Component D12 LED_RED
Added Member To Class: ClassName=DE-260124 Member=Component D13 LED_RED
Added Member To Class: ClassName=DE-260124 Member=Component D14 LED_RED
Added Member To Class: ClassName=DE-260124 Member=Component D15 LED_RED
Added Member To Class: ClassName=DE-260124 Member=Component D16 LED_RED
Added Member To Class: ClassName=DE-260124 Member=Component D17 LED_RED
Added Member To Class: ClassName=DE-260124 Member=Component D18 LED_RED
Added Member To Class: ClassName=DE-260124 Member=Component D19 LED_RED
Added Member To Class: ClassName=DE-260124 Member=Component D20 LED_RED
Added Member To Class: ClassName=DE-260124 Member=Component D21 LED_RED
Added Member To Class: ClassName=DE-260124 Member=Component D22 LED_RED
Added Member To Class: ClassName=DE-260124 Member=Component D23 LED_RED
Added Member To Class: ClassName=DE-260124 Member=Component D24 LED_RED
Added Member To Class: ClassName=DE-260124 Member=Component D25 LED_RED
Added Member To Class: ClassName=DE-260124 Member=Component D26 LED_RED
Added Member To Class: ClassName=DE-260124 Member=Component D27 LED_RED
Added Member To Class: ClassName=DE-260124 Member=Component D28 LED_RED
Added Member To Class: ClassName=DE-260124 Member=Component D29 LED_RED
Added Member To Class: ClassName=DE-260124 Member=Component D30 LED_RED
Added Member To Class: ClassName=DE-260124 Member=Component D31 LED_RED
Added Member To Class: ClassName=DE-260124 Member=Component D32 LED_RED
Added Member To Class: ClassName=DE-260124 Member=Component D33 LED_RED
Added Member To Class: ClassName=DE-260124 Member=Component FD1 Fiducial
Added Member To Class: ClassName=DE-260124 Member=Component FD2 Fiducial
Added Member To Class: ClassName=DE-260124 Member=Component P1 TERMINAL BLOK 2
Added Member To Class: ClassName=DE-260124 Member=Component P2 Header 10X2
Added Member To Class: ClassName=DE-260124 Member=Component P3 ICSP
Added Member To Class: ClassName=DE-260124 Member=Component P4 Header 17
Added Member To Class: ClassName=DE-260124 Member=Component P5 TERMINAL BLOK 2
Added Member To Class: ClassName=DE-260124 Member=Component Q1 MMBT2222
Added Member To Class: ClassName=DE-260124 Member=Component Q2 BSS123
Added Member To Class: ClassName=DE-260124 Member=Component Q3 BSS123
Added Member To Class: ClassName=DE-260124 Member=Component Q4 BSS123
Added Member To Class: ClassName=DE-260124 Member=Component R1 3K3
Added Member To Class: ClassName=DE-260124 Member=Component R2 3K3
Added Member To Class: ClassName=DE-260124 Member=Component R3 3K3
Added Member To Class: ClassName=DE-260124 Member=Component R4 3K3
Added Member To Class: ClassName=DE-260124 Member=Component R5 3K3
Added Member To Class: ClassName=DE-260124 Member=Component R6 3K3
Added Member To Class: ClassName=DE-260124 Member=Component R7 1K
Added Member To Class: ClassName=DE-260124 Member=Component R8 3K3
Added Member To Class: ClassName=DE-260124 Member=Component R9 3K3
Added Member To Class: ClassName=DE-260124 Member=Component R10 3K3
Added Member To Class: ClassName=DE-260124 Member=Component R11 3K3
Added Member To Class: ClassName=DE-260124 Member=Component R12 3K3
Added Member To Class: ClassName=DE-260124 Member=Component R13 3K3
Added Member To Class: ClassName=DE-260124 Member=Component R14 3K3
Added Member To Class: ClassName=DE-260124 Member=Component R15 3K3
Added Member To Class: ClassName=DE-260124 Member=Component R16 3K3
Added Member To Class: ClassName=DE-260124 Member=Component R17 10K
Added Member To Class: ClassName=DE-260124 Member=Component R18 3K3
Added Member To Class: ClassName=DE-260124 Member=Component R19 10K
Added Member To Class: ClassName=DE-260124 Member=Component R20 3K3
Added Member To Class: ClassName=DE-260124 Member=Component R21 3K3
Added Member To Class: ClassName=DE-260124 Member=Component R22 3K3
Added Member To Class: ClassName=DE-260124 Member=Component R23 3K3
Added Member To Class: ClassName=DE-260124 Member=Component R24 3K3
Added Member To Class: ClassName=DE-260124 Member=Component R25 3K3
Added Member To Class: ClassName=DE-260124 Member=Component R26 10K
Added Member To Class: ClassName=DE-260124 Member=Component R27 10K
Added Member To Class: ClassName=DE-260124 Member=Component R28 3K3
Added Member To Class: ClassName=DE-260124 Member=Component R29 NF
Added Member To Class: ClassName=DE-260124 Member=Component R30 3K3
Added Member To Class: ClassName=DE-260124 Member=Component R31 NF
Added Member To Class: ClassName=DE-260124 Member=Component R32 NF
Added Member To Class: ClassName=DE-260124 Member=Component R33 3K3
Added Member To Class: ClassName=DE-260124 Member=Component R34 NF
Added Member To Class: ClassName=DE-260124 Member=Component R35 10K
Added Member To Class: ClassName=DE-260124 Member=Component R36 10K
Added Member To Class: ClassName=DE-260124 Member=Component R37 NF
Added Member To Class: ClassName=DE-260124 Member=Component R38 NF
Added Member To Class: ClassName=DE-260124 Member=Component R39 3K3
Added Member To Class: ClassName=DE-260124 Member=Component R40 3K3
Added Member To Class: ClassName=DE-260124 Member=Component R41 3K3
Added Member To Class: ClassName=DE-260124 Member=Component R42 10K
Added Member To Class: ClassName=DE-260124 Member=Component R43 10K
Added Member To Class: ClassName=DE-260124 Member=Component R44 3K3
Added Member To Class: ClassName=DE-260124 Member=Component R45 3K3
Added Member To Class: ClassName=DE-260124 Member=Component R46 3K3
Added Member To Class: ClassName=DE-260124 Member=Component R47 3K3
Added Member To Class: ClassName=DE-260124 Member=Component R48 3K3
Added Member To Class: ClassName=DE-260124 Member=Component U1 SN74HC595D
Added Member To Class: ClassName=DE-260124 Member=Component U2 MAX485
Added Member To Class: ClassName=DE-260124 Member=Component U3 SN74HC595D
Added Member To Class: ClassName=DE-260124 Member=Component U4 STM32F030F4P6
Added Member To Class: ClassName=DE-260124 Member=Component U5 SN74HC595D
Added Member To Class: ClassName=DE-260124 Member=Component U6 SN74HC595D
Added Member To Class: ClassName=DE-260124 Member=Component U7 L78M05CDT-TR
Added Member To Class: ClassName=DE-260124 Member=Component U8 REG1117-3.3
Added Room: Name=DE-260124
