Removed Pin From Net: NetName=+24_REL Pin=D14-1
Removed Pin From Net: NetName=+24_REL Pin=D15-1
Removed Pin From Net: NetName=+24_REL Pin=D16-1
Removed Pin From Net: NetName=+24_REL Pin=D17-1
Removed Pin From Net: NetName=+24_REL Pin=K5-A1
Removed Pin From Net: NetName=+24_REL Pin=K6-A1
Removed Pin From Net: NetName=+24_REL Pin=K7-A1
Removed Pin From Net: NetName=+24_REL Pin=K8-A1
Removed Pin From Net: NetName=+24_REL Pin=P32-9
Removed Pin From Net: NetName=+24_REL Pin=P32-10
Added Pin To Net: NetName=12V Pin=U7-1
Added Pin To Net: NetName=+24_REL2 Pin=D14-1
Added Pin To Net: NetName=+24_REL2 Pin=D15-1
Added Pin To Net: NetName=+24_REL2 Pin=D16-1
Added Pin To Net: NetName=+24_REL2 Pin=D17-1
Added Pin To Net: NetName=+24_REL2 Pin=K5-A1
Added Pin To Net: NetName=+24_REL2 Pin=K6-A1
Added Pin To Net: NetName=+24_REL2 Pin=K7-A1
Added Pin To Net: NetName=+24_REL2 Pin=K8-A1
Added Pin To Net: NetName=+24_REL2 Pin=P32-9
Added Pin To Net: NetName=+24_REL2 Pin=P32-10
Added Net: Name=+24_REL2
