Add component (AddParameter): Name = "ComponentLink1Description"; Value = "Manufacturer Link"; VariantName = "[No Variations]"
Add component (AddParameter): Name = "ComponentLink1URL"; Value = "http://www.vishay.com/"; VariantName = "[No Variations]"
Add component (AddParameter): Name = "ComponentLink2Description"; Value = "Datasheet"; VariantName = "[No Variations]"
Add component (AddParameter): Name = "ComponentLink2URL"; Value = "http://www.vishay.com/docs/25014/eka.pdf"; VariantName = "[No Variations]"
Add component (AddParameter): Name = "DatasheetDocument"; Value = "20-Feb-2001"; VariantName = "[No Variations]"
Add component (AddParameter): Name = "DrillSize"; Value = "Nominal, Rounded To The Nearest 0.1mm"; VariantName = "[No Variations]"
Add component (AddParameter): Name = "Note"; Value = "Refer to Manufacturer's Data Sheets for other lead formations"; VariantName = "[No Variations]"
Add component (AddParameter): Name = "PackageReference"; Value = "CAPPR2-5X11"; VariantName = "[No Variations]"
Add component (AddParameter): Name = "Published"; Value = "19-Mar-2004"; VariantName = "[No Variations]"
Add component (AddParameter): Name = "Publisher"; Value = "Altium Limited"; VariantName = "[No Variations]"
Add component (AddParameter): Name = "Value"; Value = "47uF"; VariantName = "[No Variations]"
Added Component: Designator=C1(CAPPR2-5X11)
Add component. Clean all parameters for all variants
Add component (AddParameter): Name = "ComponentLink1Description"; Value = "Manufacturer Link"; VariantName = "[No Variations]"
Add component (AddParameter): Name = "ComponentLink1URL"; Value = "http://www.vishay.com/"; VariantName = "[No Variations]"
Add component (AddParameter): Name = "ComponentLink2Description"; Value = "Datasheet"; VariantName = "[No Variations]"
Add component (AddParameter): Name = "ComponentLink2URL"; Value = "http://www.vishay.com/docs/25014/eka.pdf"; VariantName = "[No Variations]"
Add component (AddParameter): Name = "DatasheetDocument"; Value = "20-Feb-2001"; VariantName = "[No Variations]"
Add component (AddParameter): Name = "DrillSize"; Value = "Nominal, Rounded To The Nearest 0.1mm"; VariantName = "[No Variations]"
Add component (AddParameter): Name = "Note"; Value = "Refer to Manufacturer's Data Sheets for other lead formations"; VariantName = "[No Variations]"
Add component (AddParameter): Name = "PackageReference"; Value = "CAPPR2-5X11"; VariantName = "[No Variations]"
Add component (AddParameter): Name = "Published"; Value = "19-Mar-2004"; VariantName = "[No Variations]"
Add component (AddParameter): Name = "Publisher"; Value = "Altium Limited"; VariantName = "[No Variations]"
Add component (AddParameter): Name = "Value"; Value = "47uF"; VariantName = "[No Variations]"
Add component (AddParameter): Name = "ComponentLink1Description"; Value = "Manufacturer Link"; VariantName = "[No Variations]"
Add component (AddParameter): Name = "ComponentLink1URL"; Value = "http://www.vishay.com/"; VariantName = "[No Variations]"
Add component (AddParameter): Name = "ComponentLink2Description"; Value = "Datasheet"; VariantName = "[No Variations]"
Add component (AddParameter): Name = "ComponentLink2URL"; Value = "http://www.vishay.com/docs/25014/eka.pdf"; VariantName = "[No Variations]"
Add component (AddParameter): Name = "DatasheetDocument"; Value = "20-Feb-2001"; VariantName = "[No Variations]"
Add component (AddParameter): Name = "DrillSize"; Value = "Nominal, Rounded To The Nearest 0.1mm"; VariantName = "[No Variations]"
Add component (AddParameter): Name = "Note"; Value = "Refer to Manufacturer's Data Sheets for other lead formations"; VariantName = "[No Variations]"
Add component (AddParameter): Name = "PackageReference"; Value = "CAPPR2-5X11"; VariantName = "[No Variations]"
Add component (AddParameter): Name = "Published"; Value = "19-Mar-2004"; VariantName = "[No Variations]"
Add component (AddParameter): Name = "Publisher"; Value = "Altium Limited"; VariantName = "[No Variations]"
Add component (AddParameter): Name = "Value"; Value = "47uF"; VariantName = "[No Variations]"
Added Component: Designator=C2(CAPPR2-5X11)
Add component. Clean all parameters for all variants
Add component (AddParameter): Name = "ComponentLink1Description"; Value = "Manufacturer Link"; VariantName = "[No Variations]"
Add component (AddParameter): Name = "ComponentLink1URL"; Value = "http://www.vishay.com/"; VariantName = "[No Variations]"
Add component (AddParameter): Name = "ComponentLink2Description"; Value = "Datasheet"; VariantName = "[No Variations]"
Add component (AddParameter): Name = "ComponentLink2URL"; Value = "http://www.vishay.com/docs/25014/eka.pdf"; VariantName = "[No Variations]"
Add component (AddParameter): Name = "DatasheetDocument"; Value = "20-Feb-2001"; VariantName = "[No Variations]"
Add component (AddParameter): Name = "DrillSize"; Value = "Nominal, Rounded To The Nearest 0.1mm"; VariantName = "[No Variations]"
Add component (AddParameter): Name = "Note"; Value = "Refer to Manufacturer's Data Sheets for other lead formations"; VariantName = "[No Variations]"
Add component (AddParameter): Name = "PackageReference"; Value = "CAPPR2-5X11"; VariantName = "[No Variations]"
Add component (AddParameter): Name = "Published"; Value = "19-Mar-2004"; VariantName = "[No Variations]"
Add component (AddParameter): Name = "Publisher"; Value = "Altium Limited"; VariantName = "[No Variations]"
Add component (AddParameter): Name = "Value"; Value = "47uF"; VariantName = "[No Variations]"
Add component (AddParameter): Name = "Code_IPC"; Value = "2012[0805]"; VariantName = "[No Variations]"
Add component (AddParameter): Name = "Code_JEITA"; Value = "0805"; VariantName = "[No Variations]"
Add component (AddParameter): Name = "ComponentLink1Description"; Value = "Manufacturer Link"; VariantName = "[No Variations]"
Add component (AddParameter): Name = "ComponentLink1URL"; Value = "http://www.kemet.com/"; VariantName = "[No Variations]"
Add component (AddParameter): Name = "ComponentLink2Description"; Value = "Datasheet"; VariantName = "[No Variations]"
Add component (AddParameter): Name = "ComponentLink2URL"; Value = "http://www.kemet.com/kemet/web/homepage/kechome.nsf/vapubfilesname/F3102TA.pdf/$file/F3102TA.pdf"; VariantName = "[No Variations]"
Add component (AddParameter): Name = "DatasheetDocument"; Value = "Mar-2001"; VariantName = "[No Variations]"
Add component (AddParameter): Name = "LatestRevisionDate"; Value = "19-Mar-2004"; VariantName = "[No Variations]"
Add component (AddParameter): Name = "LatestRevisionNote"; Value = "Silkscreen size reduced."; VariantName = "[No Variations]"
Add component (AddParameter): Name = "Note"; Value = "Footprint corresponds to dimensions for bulk cassette packaging. This case size has tightened tolerances."; VariantName = "[No Variations]"
Add component (AddParameter): Name = "PackageDocument"; Value = "Mar-2001"; VariantName = "[No Variations]"
Add component (AddParameter): Name = "PackageReference"; Value = "0805"; VariantName = "[No Variations]"
Add component (AddParameter): Name = "Published"; Value = "17-Jul-2002"; VariantName = "[No Variations]"
Add component (AddParameter): Name = "Publisher"; Value = "Altium Limited"; VariantName = "[No Variations]"
Add component (AddParameter): Name = "Value"; Value = ""; VariantName = "[No Variations]"
Added Component: Designator=C3(0805)
Add component. Clean all parameters for all variants
Add component (AddParameter): Name = "Code_IPC"; Value = "2012[0805]"; VariantName = "[No Variations]"
Add component (AddParameter): Name = "Code_JEITA"; Value = "0805"; VariantName = "[No Variations]"
Add component (AddParameter): Name = "ComponentLink1Description"; Value = "Manufacturer Link"; VariantName = "[No Variations]"
Add component (AddParameter): Name = "ComponentLink1URL"; Value = "http://www.kemet.com/"; VariantName = "[No Variations]"
Add component (AddParameter): Name = "ComponentLink2Description"; Value = "Datasheet"; VariantName = "[No Variations]"
Add component (AddParameter): Name = "ComponentLink2URL"; Value = "http://www.kemet.com/kemet/web/homepage/kechome.nsf/vapubfilesname/F3102TA.pdf/$file/F3102TA.pdf"; VariantName = "[No Variations]"
Add component (AddParameter): Name = "DatasheetDocument"; Value = "Mar-2001"; VariantName = "[No Variations]"
Add component (AddParameter): Name = "LatestRevisionDate"; Value = "19-Mar-2004"; VariantName = "[No Variations]"
Add component (AddParameter): Name = "LatestRevisionNote"; Value = "Silkscreen size reduced."; VariantName = "[No Variations]"
Add component (AddParameter): Name = "Note"; Value = "Footprint corresponds to dimensions for bulk cassette packaging. This case size has tightened tolerances."; VariantName = "[No Variations]"
Add component (AddParameter): Name = "PackageDocument"; Value = "Mar-2001"; VariantName = "[No Variations]"
Add component (AddParameter): Name = "PackageReference"; Value = "0805"; VariantName = "[No Variations]"
Add component (AddParameter): Name = "Published"; Value = "17-Jul-2002"; VariantName = "[No Variations]"
Add component (AddParameter): Name = "Publisher"; Value = "Altium Limited"; VariantName = "[No Variations]"
Add component (AddParameter): Name = "Value"; Value = ""; VariantName = "[No Variations]"
Add component (AddParameter): Name = "Code_IPC"; Value = "1608 [0603]"; VariantName = "[No Variations]"
Add component (AddParameter): Name = "Code_JEITA"; Value = "0603"; VariantName = "[No Variations]"
Add component (AddParameter): Name = "ComponentLink1Description"; Value = "Manufacturer Link"; VariantName = "[No Variations]"
Add component (AddParameter): Name = "ComponentLink1URL"; Value = "http://www.kemet.com/"; VariantName = "[No Variations]"
Add component (AddParameter): Name = "ComponentLink2Description"; Value = "Datasheet"; VariantName = "[No Variations]"
Add component (AddParameter): Name = "ComponentLink2URL"; Value = "http://www.kemet.com/kemet/web/homepage/kechome.nsf/vapubfilesname/F3102TA.pdf/$file/F3102TA.pdf"; VariantName = "[No Variations]"
Add component (AddParameter): Name = "DatasheetDocument"; Value = "Mar-2001"; VariantName = "[No Variations]"
Add component (AddParameter): Name = "LatestRevisionDate"; Value = "19-Mar-2004"; VariantName = "[No Variations]"
Add component (AddParameter): Name = "LatestRevisionNote"; Value = "Silkscreen size reduced."; VariantName = "[No Variations]"
Add component (AddParameter): Name = "Note"; Value = "Footprint corresponds to dimensions for bulk cassette packaging. This case size has tightened tolerances."; VariantName = "[No Variations]"
Add component (AddParameter): Name = "PackageDocument"; Value = "Mar-2001"; VariantName = "[No Variations]"
Add component (AddParameter): Name = "PackageReference"; Value = "0603"; VariantName = "[No Variations]"
Add component (AddParameter): Name = "Published"; Value = "17-Jul-2002"; VariantName = "[No Variations]"
Add component (AddParameter): Name = "Publisher"; Value = "Altium Limited"; VariantName = "[No Variations]"
Added Component: Designator=C4(0603)
Add component. Clean all parameters for all variants
Add component (AddParameter): Name = "Code_IPC"; Value = "1608 [0603]"; VariantName = "[No Variations]"
Add component (AddParameter): Name = "Code_JEITA"; Value = "0603"; VariantName = "[No Variations]"
Add component (AddParameter): Name = "ComponentLink1Description"; Value = "Manufacturer Link"; VariantName = "[No Variations]"
Add component (AddParameter): Name = "ComponentLink1URL"; Value = "http://www.kemet.com/"; VariantName = "[No Variations]"
Add component (AddParameter): Name = "ComponentLink2Description"; Value = "Datasheet"; VariantName = "[No Variations]"
Add component (AddParameter): Name = "ComponentLink2URL"; Value = "http://www.kemet.com/kemet/web/homepage/kechome.nsf/vapubfilesname/F3102TA.pdf/$file/F3102TA.pdf"; VariantName = "[No Variations]"
Add component (AddParameter): Name = "DatasheetDocument"; Value = "Mar-2001"; VariantName = "[No Variations]"
Add component (AddParameter): Name = "LatestRevisionDate"; Value = "19-Mar-2004"; VariantName = "[No Variations]"
Add component (AddParameter): Name = "LatestRevisionNote"; Value = "Silkscreen size reduced."; VariantName = "[No Variations]"
Add component (AddParameter): Name = "Note"; Value = "Footprint corresponds to dimensions for bulk cassette packaging. This case size has tightened tolerances."; VariantName = "[No Variations]"
Add component (AddParameter): Name = "PackageDocument"; Value = "Mar-2001"; VariantName = "[No Variations]"
Add component (AddParameter): Name = "PackageReference"; Value = "0603"; VariantName = "[No Variations]"
Add component (AddParameter): Name = "Published"; Value = "17-Jul-2002"; VariantName = "[No Variations]"
Add component (AddParameter): Name = "Publisher"; Value = "Altium Limited"; VariantName = "[No Variations]"
Added Component: Designator=K1(HF25F)
Add component. Clean all parameters for all variants
Added Component: Designator=K2(HF25F)
Add component. Clean all parameters for all variants
Added Component: Designator=K3(HF25F)
Add component. Clean all parameters for all variants
Added Component: Designator=K4(HF25F)
Add component. Clean all parameters for all variants
Added Component: Designator=K5(HF25F)
Add component. Clean all parameters for all variants
Added Component: Designator=K6(HF25F)
Add component. Clean all parameters for all variants
Added Component: Designator=K7(HF25F)
Add component. Clean all parameters for all variants
Added Component: Designator=K8(HF25F)
Add component. Clean all parameters for all variants
Added Component: Designator=K9(HF25F)
Add component. Clean all parameters for all variants
Added Component: Designator=K10(HF25F)
Add component. Clean all parameters for all variants
Added Component: Designator=K11(HF25F)
Add component. Clean all parameters for all variants
Added Component: Designator=K12(HF25F)
Add component. Clean all parameters for all variants
Added Component: Designator=K13(HF25F)
Add component. Clean all parameters for all variants
Added Component: Designator=K14(HF25F)
Add component. Clean all parameters for all variants
Added Component: Designator=K15(HF25F)
Add component. Clean all parameters for all variants
Added Component: Designator=K16(HF25F)
Add component. Clean all parameters for all variants
Add component (AddParameter): Name = "LatestRevisionDate"; Value = "17-Jul-2002"; VariantName = "[No Variations]"
Add component (AddParameter): Name = "LatestRevisionNote"; Value = "Re-released for DXP Platform."; VariantName = "[No Variations]"
Add component (AddParameter): Name = "Publisher"; Value = "Altium Limited"; VariantName = "[No Variations]"
Added Component: Designator=P1(HDR1X17)
Add component. Clean all parameters for all variants
Add component (AddParameter): Name = "LatestRevisionDate"; Value = "17-Jul-2002"; VariantName = "[No Variations]"
Add component (AddParameter): Name = "LatestRevisionNote"; Value = "Re-released for DXP Platform."; VariantName = "[No Variations]"
Add component (AddParameter): Name = "Publisher"; Value = "Altium Limited"; VariantName = "[No Variations]"
Added Component: Designator=P2(TERMINAL BLOK 2 - 3,5mm)
Add component. Clean all parameters for all variants
Added Component: Designator=P3(TERMINAL BLOK 2 - 3,5mm)
Add component. Clean all parameters for all variants
Added Component: Designator=P4(TERMINAL BLOK 2 - 3,5mm)
Add component. Clean all parameters for all variants
Added Component: Designator=P5(TERMINAL BLOK 2 - 3,5mm)
Add component. Clean all parameters for all variants
Added Component: Designator=P6(TERMINAL BLOK 2 - 3,5mm)
Add component. Clean all parameters for all variants
Added Component: Designator=P7(TERMINAL BLOK 2 - 3,5mm)
Add component. Clean all parameters for all variants
Added Component: Designator=P8(TERMINAL BLOK 2 - 3,5mm)
Add component. Clean all parameters for all variants
Added Component: Designator=P9(TERMINAL BLOK 2 - 3,5mm)
Add component. Clean all parameters for all variants
Added Component: Designator=P10(TERMINAL BLOK 2 - 3,5mm)
Add component. Clean all parameters for all variants
Added Component: Designator=P11(TERMINAL BLOK 2 - 3,5mm)
Add component. Clean all parameters for all variants
Added Component: Designator=P12(TERMINAL BLOK 2 - 3,5mm)
Add component. Clean all parameters for all variants
Added Component: Designator=P13(TERMINAL BLOK 2 - 3,5mm)
Add component. Clean all parameters for all variants
Added Component: Designator=P14(TERMINAL BLOK 2 - 3,5mm)
Add component. Clean all parameters for all variants
Added Component: Designator=P15(TERMINAL BLOK 2 - 3,5mm)
Add component. Clean all parameters for all variants
Added Component: Designator=P16(TERMINAL BLOK 2 - 3,5mm)
Add component. Clean all parameters for all variants
Added Component: Designator=P17(TERMINAL BLOK 2)
Add component. Clean all parameters for all variants
Added Component: Designator=P18(TERMINAL BLOK 2 - 3,5mm)
Add component. Clean all parameters for all variants
Add component (AddParameter): Name = "Code_IPC"; Value = "SOIC127P600-16"; VariantName = "[No Variations]"
Add component (AddParameter): Name = "ComponentLink1Description"; Value = "Manufacturer Link"; VariantName = "[No Variations]"
Add component (AddParameter): Name = "ComponentLink1URL"; Value = "http://www.st.com/"; VariantName = "[No Variations]"
Add component (AddParameter): Name = "ComponentLink2Description"; Value = "Datasheet"; VariantName = "[No Variations]"
Add component (AddParameter): Name = "ComponentLink2URL"; Value = "http://www.st.com/stonline/products/literature/ds/5279/uln2001.pdf"; VariantName = "[No Variations]"
Add component (AddParameter): Name = "DatasheetVersion"; Value = "Sep-1998"; VariantName = "[No Variations]"
Add component (AddParameter): Name = "LatestRevisionDate"; Value = "13-Apr-2006"; VariantName = "[No Variations]"
Add component (AddParameter): Name = "LatestRevisionNote"; Value = "IPC-7351 Footprint Added."; VariantName = "[No Variations]"
Add component (AddParameter): Name = "PackageDescription"; Value = "16-Pin Small Outline Integrated Circuit 1.27 mm Pitch"; VariantName = "[No Variations]"
Add component (AddParameter): Name = "PackageReference"; Value = "SO16"; VariantName = "[No Variations]"
Add component (AddParameter): Name = "PackageVersion"; Value = "May-1998"; VariantName = "[No Variations]"
Add component (AddParameter): Name = "Published"; Value = "8-Jun-2000"; VariantName = "[No Variations]"
Add component (AddParameter): Name = "Publisher"; Value = "Altium Limited"; VariantName = "[No Variations]"
Added Component: Designator=U1(SO16_N)
Add component. Clean all parameters for all variants
Add component (AddParameter): Name = "Code_IPC"; Value = "SOIC127P600-16"; VariantName = "[No Variations]"
Add component (AddParameter): Name = "ComponentLink1Description"; Value = "Manufacturer Link"; VariantName = "[No Variations]"
Add component (AddParameter): Name = "ComponentLink1URL"; Value = "http://www.st.com/"; VariantName = "[No Variations]"
Add component (AddParameter): Name = "ComponentLink2Description"; Value = "Datasheet"; VariantName = "[No Variations]"
Add component (AddParameter): Name = "ComponentLink2URL"; Value = "http://www.st.com/stonline/products/literature/ds/5279/uln2001.pdf"; VariantName = "[No Variations]"
Add component (AddParameter): Name = "DatasheetVersion"; Value = "Sep-1998"; VariantName = "[No Variations]"
Add component (AddParameter): Name = "LatestRevisionDate"; Value = "13-Apr-2006"; VariantName = "[No Variations]"
Add component (AddParameter): Name = "LatestRevisionNote"; Value = "IPC-7351 Footprint Added."; VariantName = "[No Variations]"
Add component (AddParameter): Name = "PackageDescription"; Value = "16-Pin Small Outline Integrated Circuit 1.27 mm Pitch"; VariantName = "[No Variations]"
Add component (AddParameter): Name = "PackageReference"; Value = "SO16"; VariantName = "[No Variations]"
Add component (AddParameter): Name = "PackageVersion"; Value = "May-1998"; VariantName = "[No Variations]"
Add component (AddParameter): Name = "Published"; Value = "8-Jun-2000"; VariantName = "[No Variations]"
Add component (AddParameter): Name = "Publisher"; Value = "Altium Limited"; VariantName = "[No Variations]"
Add component (AddParameter): Name = "Code_IPC"; Value = "SOIC127P600-16"; VariantName = "[No Variations]"
Add component (AddParameter): Name = "ComponentLink1Description"; Value = "Manufacturer Link"; VariantName = "[No Variations]"
Add component (AddParameter): Name = "ComponentLink1URL"; Value = "http://www.st.com/"; VariantName = "[No Variations]"
Add component (AddParameter): Name = "ComponentLink2Description"; Value = "Datasheet"; VariantName = "[No Variations]"
Add component (AddParameter): Name = "ComponentLink2URL"; Value = "http://www.st.com/stonline/products/literature/ds/5279/uln2001.pdf"; VariantName = "[No Variations]"
Add component (AddParameter): Name = "DatasheetVersion"; Value = "Sep-1998"; VariantName = "[No Variations]"
Add component (AddParameter): Name = "LatestRevisionDate"; Value = "13-Apr-2006"; VariantName = "[No Variations]"
Add component (AddParameter): Name = "LatestRevisionNote"; Value = "IPC-7351 Footprint Added."; VariantName = "[No Variations]"
Add component (AddParameter): Name = "PackageDescription"; Value = "16-Pin Small Outline Integrated Circuit 1.27 mm Pitch"; VariantName = "[No Variations]"
Add component (AddParameter): Name = "PackageReference"; Value = "SO16"; VariantName = "[No Variations]"
Add component (AddParameter): Name = "PackageVersion"; Value = "May-1998"; VariantName = "[No Variations]"
Add component (AddParameter): Name = "Published"; Value = "8-Jun-2000"; VariantName = "[No Variations]"
Add component (AddParameter): Name = "Publisher"; Value = "Altium Limited"; VariantName = "[No Variations]"
Added Component: Designator=U2(SO16_N)
Add component. Clean all parameters for all variants
Add component (AddParameter): Name = "Code_IPC"; Value = "SOIC127P600-16"; VariantName = "[No Variations]"
Add component (AddParameter): Name = "ComponentLink1Description"; Value = "Manufacturer Link"; VariantName = "[No Variations]"
Add component (AddParameter): Name = "ComponentLink1URL"; Value = "http://www.st.com/"; VariantName = "[No Variations]"
Add component (AddParameter): Name = "ComponentLink2Description"; Value = "Datasheet"; VariantName = "[No Variations]"
Add component (AddParameter): Name = "ComponentLink2URL"; Value = "http://www.st.com/stonline/products/literature/ds/5279/uln2001.pdf"; VariantName = "[No Variations]"
Add component (AddParameter): Name = "DatasheetVersion"; Value = "Sep-1998"; VariantName = "[No Variations]"
Add component (AddParameter): Name = "LatestRevisionDate"; Value = "13-Apr-2006"; VariantName = "[No Variations]"
Add component (AddParameter): Name = "LatestRevisionNote"; Value = "IPC-7351 Footprint Added."; VariantName = "[No Variations]"
Add component (AddParameter): Name = "PackageDescription"; Value = "16-Pin Small Outline Integrated Circuit 1.27 mm Pitch"; VariantName = "[No Variations]"
Add component (AddParameter): Name = "PackageReference"; Value = "SO16"; VariantName = "[No Variations]"
Add component (AddParameter): Name = "PackageVersion"; Value = "May-1998"; VariantName = "[No Variations]"
Add component (AddParameter): Name = "Published"; Value = "8-Jun-2000"; VariantName = "[No Variations]"
Add component (AddParameter): Name = "Publisher"; Value = "Altium Limited"; VariantName = "[No Variations]"
Add component (AddParameter): Name = "Code_IPC"; Value = "SOIC127P600-16"; VariantName = "[No Variations]"
Add component (AddParameter): Name = "ComponentLink1Description"; Value = "Manufacturer Link"; VariantName = "[No Variations]"
Add component (AddParameter): Name = "ComponentLink1URL"; Value = "http://www.st.com/"; VariantName = "[No Variations]"
Add component (AddParameter): Name = "ComponentLink2Description"; Value = "Datasheet"; VariantName = "[No Variations]"
Add component (AddParameter): Name = "ComponentLink2URL"; Value = "http://www.st.com/stonline/products/literature/ds/5279/uln2001.pdf"; VariantName = "[No Variations]"
Add component (AddParameter): Name = "DatasheetVersion"; Value = "Sep-1998"; VariantName = "[No Variations]"
Add component (AddParameter): Name = "LatestRevisionDate"; Value = "13-Apr-2006"; VariantName = "[No Variations]"
Add component (AddParameter): Name = "LatestRevisionNote"; Value = "IPC-7351 Footprint Added."; VariantName = "[No Variations]"
Add component (AddParameter): Name = "PackageDescription"; Value = "16-Pin Small Outline Integrated Circuit 1.27 mm Pitch"; VariantName = "[No Variations]"
Add component (AddParameter): Name = "PackageReference"; Value = "SO16"; VariantName = "[No Variations]"
Add component (AddParameter): Name = "PackageVersion"; Value = "May-1998"; VariantName = "[No Variations]"
Add component (AddParameter): Name = "Published"; Value = "8-Jun-2000"; VariantName = "[No Variations]"
Add component (AddParameter): Name = "Publisher"; Value = "Altium Limited"; VariantName = "[No Variations]"
Added Component: Designator=U3(SO16_N)
Add component. Clean all parameters for all variants
Add component (AddParameter): Name = "Code_IPC"; Value = "SOIC127P600-16"; VariantName = "[No Variations]"
Add component (AddParameter): Name = "ComponentLink1Description"; Value = "Manufacturer Link"; VariantName = "[No Variations]"
Add component (AddParameter): Name = "ComponentLink1URL"; Value = "http://www.st.com/"; VariantName = "[No Variations]"
Add component (AddParameter): Name = "ComponentLink2Description"; Value = "Datasheet"; VariantName = "[No Variations]"
Add component (AddParameter): Name = "ComponentLink2URL"; Value = "http://www.st.com/stonline/products/literature/ds/5279/uln2001.pdf"; VariantName = "[No Variations]"
Add component (AddParameter): Name = "DatasheetVersion"; Value = "Sep-1998"; VariantName = "[No Variations]"
Add component (AddParameter): Name = "LatestRevisionDate"; Value = "13-Apr-2006"; VariantName = "[No Variations]"
Add component (AddParameter): Name = "LatestRevisionNote"; Value = "IPC-7351 Footprint Added."; VariantName = "[No Variations]"
Add component (AddParameter): Name = "PackageDescription"; Value = "16-Pin Small Outline Integrated Circuit 1.27 mm Pitch"; VariantName = "[No Variations]"
Add component (AddParameter): Name = "PackageReference"; Value = "SO16"; VariantName = "[No Variations]"
Add component (AddParameter): Name = "PackageVersion"; Value = "May-1998"; VariantName = "[No Variations]"
Add component (AddParameter): Name = "Published"; Value = "8-Jun-2000"; VariantName = "[No Variations]"
Add component (AddParameter): Name = "Publisher"; Value = "Altium Limited"; VariantName = "[No Variations]"
Added Pin To Net: NetName=NetK1_3 Pin=K1-3
Added Pin To Net: NetName=NetK1_3 Pin=P2-1
Added Net: Name=NetK1_3
Added Pin To Net: NetName=NetK1_4 Pin=K1-4
Added Pin To Net: NetName=NetK1_4 Pin=P2-2
Added Net: Name=NetK1_4
Added Pin To Net: NetName=NetK2_3 Pin=K2-3
Added Pin To Net: NetName=NetK2_3 Pin=P3-1
Added Net: Name=NetK2_3
Added Pin To Net: NetName=NetK2_4 Pin=K2-4
Added Pin To Net: NetName=NetK2_4 Pin=P3-2
Added Net: Name=NetK2_4
Added Pin To Net: NetName=NetK3_3 Pin=K3-3
Added Pin To Net: NetName=NetK3_3 Pin=P4-1
Added Net: Name=NetK3_3
Added Pin To Net: NetName=NetK3_4 Pin=K3-4
Added Pin To Net: NetName=NetK3_4 Pin=P4-2
Added Net: Name=NetK3_4
Added Pin To Net: NetName=NetK4_3 Pin=K4-3
Added Pin To Net: NetName=NetK4_3 Pin=P5-1
Added Net: Name=NetK4_3
Added Pin To Net: NetName=NetK4_4 Pin=K4-4
Added Pin To Net: NetName=NetK4_4 Pin=P5-2
Added Net: Name=NetK4_4
Added Pin To Net: NetName=NetK5_3 Pin=K5-3
Added Pin To Net: NetName=NetK5_3 Pin=P6-1
Added Net: Name=NetK5_3
Added Pin To Net: NetName=NetK5_4 Pin=K5-4
Added Pin To Net: NetName=NetK5_4 Pin=P6-2
Added Net: Name=NetK5_4
Added Pin To Net: NetName=NetK6_3 Pin=K6-3
Added Pin To Net: NetName=NetK6_3 Pin=P7-1
Added Net: Name=NetK6_3
Added Pin To Net: NetName=NetK6_4 Pin=K6-4
Added Pin To Net: NetName=NetK6_4 Pin=P7-2
Added Net: Name=NetK6_4
Added Pin To Net: NetName=NetK7_3 Pin=K7-3
Added Pin To Net: NetName=NetK7_3 Pin=P8-1
Added Net: Name=NetK7_3
Added Pin To Net: NetName=NetK7_4 Pin=K7-4
Added Pin To Net: NetName=NetK7_4 Pin=P8-2
Added Net: Name=NetK7_4
Added Pin To Net: NetName=NetK8_3 Pin=K8-3
Added Pin To Net: NetName=NetK8_3 Pin=P9-1
Added Net: Name=NetK8_3
Added Pin To Net: NetName=NetK8_4 Pin=K8-4
Added Pin To Net: NetName=NetK8_4 Pin=P9-2
Added Net: Name=NetK8_4
Added Pin To Net: NetName=NetK9_3 Pin=K9-3
Added Pin To Net: NetName=NetK9_3 Pin=P10-1
Added Net: Name=NetK9_3
Added Pin To Net: NetName=NetK9_4 Pin=K9-4
Added Pin To Net: NetName=NetK9_4 Pin=P10-2
Added Net: Name=NetK9_4
Added Pin To Net: NetName=NetK10_3 Pin=K10-3
Added Pin To Net: NetName=NetK10_3 Pin=P11-1
Added Net: Name=NetK10_3
Added Pin To Net: NetName=NetK10_4 Pin=K10-4
Added Pin To Net: NetName=NetK10_4 Pin=P11-2
Added Net: Name=NetK10_4
Added Pin To Net: NetName=NetK11_3 Pin=K11-3
Added Pin To Net: NetName=NetK11_3 Pin=P12-1
Added Net: Name=NetK11_3
Added Pin To Net: NetName=NetK11_4 Pin=K11-4
Added Pin To Net: NetName=NetK11_4 Pin=P12-2
Added Net: Name=NetK11_4
Added Pin To Net: NetName=NetK12_3 Pin=K12-3
Added Pin To Net: NetName=NetK12_3 Pin=P13-1
Added Net: Name=NetK12_3
Added Pin To Net: NetName=NetK12_4 Pin=K12-4
Added Pin To Net: NetName=NetK12_4 Pin=P13-2
Added Net: Name=NetK12_4
Added Pin To Net: NetName=NetK13_3 Pin=K13-3
Added Pin To Net: NetName=NetK13_3 Pin=P14-1
Added Net: Name=NetK13_3
Added Pin To Net: NetName=NetK13_4 Pin=K13-4
Added Pin To Net: NetName=NetK13_4 Pin=P14-2
Added Net: Name=NetK13_4
Added Pin To Net: NetName=NetK14_3 Pin=K14-3
Added Pin To Net: NetName=NetK14_3 Pin=P15-1
Added Net: Name=NetK14_3
Added Pin To Net: NetName=NetK14_4 Pin=K14-4
Added Pin To Net: NetName=NetK14_4 Pin=P15-2
Added Net: Name=NetK14_4
Added Pin To Net: NetName=NetK15_3 Pin=K15-3
Added Pin To Net: NetName=NetK15_3 Pin=P16-1
Added Net: Name=NetK15_3
Added Pin To Net: NetName=NetK15_4 Pin=K15-4
Added Pin To Net: NetName=NetK15_4 Pin=P16-2
Added Net: Name=NetK15_4
Added Pin To Net: NetName=NetK16_3 Pin=K16-3
Added Pin To Net: NetName=NetK16_3 Pin=P18-1
Added Net: Name=NetK16_3
Added Pin To Net: NetName=NetK16_4 Pin=K16-4
Added Pin To Net: NetName=NetK16_4 Pin=P18-2
Added Net: Name=NetK16_4
Added Pin To Net: NetName=NetP1_1 Pin=P1-1
Added Pin To Net: NetName=NetP1_1 Pin=U1-1
Added Net: Name=NetP1_1
Added Pin To Net: NetName=NetP1_2 Pin=P1-2
Added Pin To Net: NetName=NetP1_2 Pin=U1-2
Added Net: Name=NetP1_2
Added Pin To Net: NetName=NetP1_3 Pin=P1-3
Added Pin To Net: NetName=NetP1_3 Pin=U1-3
Added Net: Name=NetP1_3
Added Pin To Net: NetName=NetP1_4 Pin=P1-4
Added Pin To Net: NetName=NetP1_4 Pin=U1-4
Added Net: Name=NetP1_4
Added Pin To Net: NetName=NetP1_5 Pin=P1-5
Added Pin To Net: NetName=NetP1_5 Pin=U1-5
Added Net: Name=NetP1_5
Added Pin To Net: NetName=NetP1_6 Pin=P1-6
Added Pin To Net: NetName=NetP1_6 Pin=U1-6
Added Net: Name=NetP1_6
Added Pin To Net: NetName=NetP1_7 Pin=P1-7
Added Pin To Net: NetName=NetP1_7 Pin=U1-7
Added Net: Name=NetP1_7
Added Pin To Net: NetName=NetP1_8 Pin=P1-8
Added Pin To Net: NetName=NetP1_8 Pin=U2-1
Added Net: Name=NetP1_8
Added Pin To Net: NetName=NetP1_9 Pin=P1-9
Added Pin To Net: NetName=NetP1_9 Pin=U2-2
Added Net: Name=NetP1_9
Added Pin To Net: NetName=NetP1_10 Pin=P1-10
Added Pin To Net: NetName=NetP1_10 Pin=U2-3
Added Net: Name=NetP1_10
Added Pin To Net: NetName=NetP1_11 Pin=P1-11
Added Pin To Net: NetName=NetP1_11 Pin=U2-4
Added Pin To Net: NetName=NetP1_11 Pin=U2-5
Added Net: Name=NetP1_11
Added Pin To Net: NetName=NetP1_12 Pin=P1-12
Added Pin To Net: NetName=NetP1_12 Pin=U2-6
Added Pin To Net: NetName=NetP1_12 Pin=U2-7
Added Net: Name=NetP1_12
Added Pin To Net: NetName=NetP1_13 Pin=P1-13
Added Pin To Net: NetName=NetP1_13 Pin=U3-1
Added Pin To Net: NetName=NetP1_13 Pin=U3-2
Added Net: Name=NetP1_13
Added Pin To Net: NetName=NetP1_14 Pin=P1-14
Added Pin To Net: NetName=NetP1_14 Pin=U3-3
Added Pin To Net: NetName=NetP1_14 Pin=U3-4
Added Net: Name=NetP1_14
Added Pin To Net: NetName=NetP1_15 Pin=P1-15
Added Pin To Net: NetName=NetP1_15 Pin=U3-5
Added Pin To Net: NetName=NetP1_15 Pin=U3-6
Added Net: Name=NetP1_15
Added Pin To Net: NetName=NetP1_16 Pin=P1-16
Added Pin To Net: NetName=NetP1_16 Pin=U3-7
Added Net: Name=NetP1_16
Added Pin To Net: NetName=REL_0 Pin=K1-2
Added Pin To Net: NetName=REL_0 Pin=U1-16
Added Net: Name=REL_0
Added Pin To Net: NetName=REL_1 Pin=K4-2
Added Pin To Net: NetName=REL_1 Pin=U1-15
Added Net: Name=REL_1
Added Pin To Net: NetName=REL_2 Pin=K7-2
Added Pin To Net: NetName=REL_2 Pin=U1-14
Added Net: Name=REL_2
Added Pin To Net: NetName=REL_3 Pin=K10-2
Added Pin To Net: NetName=REL_3 Pin=U1-13
Added Net: Name=REL_3
Added Pin To Net: NetName=REL_4 Pin=K13-2
Added Pin To Net: NetName=REL_4 Pin=U1-12
Added Net: Name=REL_4
Added Pin To Net: NetName=REL_5 Pin=K15-2
Added Pin To Net: NetName=REL_5 Pin=U1-11
Added Net: Name=REL_5
Added Pin To Net: NetName=REL_6 Pin=K2-2
Added Pin To Net: NetName=REL_6 Pin=U1-10
Added Net: Name=REL_6
Added Pin To Net: NetName=REL_7 Pin=K5-2
Added Pin To Net: NetName=REL_7 Pin=U2-16
Added Net: Name=REL_7
Added Pin To Net: NetName=REL_8 Pin=K8-2
Added Pin To Net: NetName=REL_8 Pin=U2-15
Added Net: Name=REL_8
Added Pin To Net: NetName=REL_9 Pin=K11-2
Added Pin To Net: NetName=REL_9 Pin=U2-14
Added Net: Name=REL_9
Added Pin To Net: NetName=REL_10 Pin=K14-2
Added Pin To Net: NetName=REL_10 Pin=U2-12
Added Pin To Net: NetName=REL_10 Pin=U2-13
Added Net: Name=REL_10
Added Pin To Net: NetName=REL_11 Pin=K16-2
Added Pin To Net: NetName=REL_11 Pin=U2-10
Added Pin To Net: NetName=REL_11 Pin=U2-11
Added Net: Name=REL_11
Added Pin To Net: NetName=REL_12 Pin=K3-2
Added Pin To Net: NetName=REL_12 Pin=U3-15
Added Pin To Net: NetName=REL_12 Pin=U3-16
Added Net: Name=REL_12
Added Pin To Net: NetName=REL_13 Pin=K6-2
Added Pin To Net: NetName=REL_13 Pin=U3-13
Added Pin To Net: NetName=REL_13 Pin=U3-14
Added Net: Name=REL_13
Added Pin To Net: NetName=REL_14 Pin=K9-2
Added Pin To Net: NetName=REL_14 Pin=U3-11
Added Pin To Net: NetName=REL_14 Pin=U3-12
Added Net: Name=REL_14
Added Pin To Net: NetName=REL_15 Pin=K12-2
Added Pin To Net: NetName=REL_15 Pin=U3-10
Added Net: Name=REL_15
Added Pin To Net: NetName=VCC Pin=C1-1
Added Pin To Net: NetName=VCC Pin=C2-1
Added Pin To Net: NetName=VCC Pin=C3-2
Added Pin To Net: NetName=VCC Pin=C4-2
Added Pin To Net: NetName=VCC Pin=K1-1
Added Pin To Net: NetName=VCC Pin=K2-1
Added Pin To Net: NetName=VCC Pin=K3-1
Added Pin To Net: NetName=VCC Pin=K4-1
Added Pin To Net: NetName=VCC Pin=K5-1
Added Pin To Net: NetName=VCC Pin=K6-1
Added Pin To Net: NetName=VCC Pin=K7-1
Added Pin To Net: NetName=VCC Pin=K8-1
Added Pin To Net: NetName=VCC Pin=K9-1
Added Pin To Net: NetName=VCC Pin=K10-1
Added Pin To Net: NetName=VCC Pin=K11-1
Added Pin To Net: NetName=VCC Pin=K12-1
Added Pin To Net: NetName=VCC Pin=K13-1
Added Pin To Net: NetName=VCC Pin=K14-1
Added Pin To Net: NetName=VCC Pin=K15-1
Added Pin To Net: NetName=VCC Pin=K16-1
Added Pin To Net: NetName=VCC Pin=P17-2
Added Pin To Net: NetName=VCC Pin=U1-9
Added Pin To Net: NetName=VCC Pin=U2-9
Added Pin To Net: NetName=VCC Pin=U3-9
Added Net: Name=VCC
Added Pin To Net: NetName=VSS Pin=C1-2
Added Pin To Net: NetName=VSS Pin=C2-2
Added Pin To Net: NetName=VSS Pin=C3-1
Added Pin To Net: NetName=VSS Pin=C4-1
Added Pin To Net: NetName=VSS Pin=P1-17
Added Pin To Net: NetName=VSS Pin=P17-1
Added Pin To Net: NetName=VSS Pin=U1-8
Added Pin To Net: NetName=VSS Pin=U2-8
Added Pin To Net: NetName=VSS Pin=U3-8
Added Net: Name=VSS
Added Class: Name=DE-270624
Added Room: Name=DE-270624
