Add component (AddParameter): Name = "ComponentLink1Description"; Value = "Manufacturer Link"; VariantName = "[No Variations]"
Add component (AddParameter): Name = "ComponentLink1URL"; Value = "http://www.vishay.com/"; VariantName = "[No Variations]"
Add component (AddParameter): Name = "ComponentLink2Description"; Value = "Datasheet"; VariantName = "[No Variations]"
Add component (AddParameter): Name = "ComponentLink2URL"; Value = "http://www.vishay.com/docs/25014/eka.pdf"; VariantName = "[No Variations]"
Add component (AddParameter): Name = "DatasheetDocument"; Value = "20-Feb-2001"; VariantName = "[No Variations]"
Add component (AddParameter): Name = "DrillSize"; Value = "Nominal, Rounded To The Nearest 0.1mm"; VariantName = "[No Variations]"
Add component (AddParameter): Name = "Note"; Value = "Refer to Manufacturer's Data Sheets for other lead formations"; VariantName = "[No Variations]"
Add component (AddParameter): Name = "PackageReference"; Value = "CAPPR2-5X11"; VariantName = "[No Variations]"
Add component (AddParameter): Name = "Published"; Value = "19-Mar-2004"; VariantName = "[No Variations]"
Add component (AddParameter): Name = "Publisher"; Value = "Altium Limited"; VariantName = "[No Variations]"
Add component (AddParameter): Name = "Value"; Value = "47uF"; VariantName = "[No Variations]"
Added Component: Designator=C1(CAPPR2-5X11)
Add component. Clean all parameters for all variants
Add component (AddParameter): Name = "ComponentLink1Description"; Value = "Manufacturer Link"; VariantName = "[No Variations]"
Add component (AddParameter): Name = "ComponentLink1URL"; Value = "http://www.vishay.com/"; VariantName = "[No Variations]"
Add component (AddParameter): Name = "ComponentLink2Description"; Value = "Datasheet"; VariantName = "[No Variations]"
Add component (AddParameter): Name = "ComponentLink2URL"; Value = "http://www.vishay.com/docs/25014/eka.pdf"; VariantName = "[No Variations]"
Add component (AddParameter): Name = "DatasheetDocument"; Value = "20-Feb-2001"; VariantName = "[No Variations]"
Add component (AddParameter): Name = "DrillSize"; Value = "Nominal, Rounded To The Nearest 0.1mm"; VariantName = "[No Variations]"
Add component (AddParameter): Name = "Note"; Value = "Refer to Manufacturer's Data Sheets for other lead formations"; VariantName = "[No Variations]"
Add component (AddParameter): Name = "PackageReference"; Value = "CAPPR2-5X11"; VariantName = "[No Variations]"
Add component (AddParameter): Name = "Published"; Value = "19-Mar-2004"; VariantName = "[No Variations]"
Add component (AddParameter): Name = "Publisher"; Value = "Altium Limited"; VariantName = "[No Variations]"
Add component (AddParameter): Name = "Value"; Value = "47uF"; VariantName = "[No Variations]"
Add component (AddParameter): Name = "ComponentLink1Description"; Value = "Manufacturer Link"; VariantName = "[No Variations]"
Add component (AddParameter): Name = "ComponentLink1URL"; Value = "http://www.vishay.com/"; VariantName = "[No Variations]"
Add component (AddParameter): Name = "ComponentLink2Description"; Value = "Datasheet"; VariantName = "[No Variations]"
Add component (AddParameter): Name = "ComponentLink2URL"; Value = "http://www.vishay.com/docs/25014/eka.pdf"; VariantName = "[No Variations]"
Add component (AddParameter): Name = "DatasheetDocument"; Value = "20-Feb-2001"; VariantName = "[No Variations]"
Add component (AddParameter): Name = "DrillSize"; Value = "Nominal, Rounded To The Nearest 0.1mm"; VariantName = "[No Variations]"
Add component (AddParameter): Name = "Note"; Value = "Refer to Manufacturer's Data Sheets for other lead formations"; VariantName = "[No Variations]"
Add component (AddParameter): Name = "PackageReference"; Value = "CAPPR2-5X11"; VariantName = "[No Variations]"
Add component (AddParameter): Name = "Published"; Value = "19-Mar-2004"; VariantName = "[No Variations]"
Add component (AddParameter): Name = "Publisher"; Value = "Altium Limited"; VariantName = "[No Variations]"
Add component (AddParameter): Name = "Value"; Value = "47uF"; VariantName = "[No Variations]"
Added Component: Designator=C2(CAPPR2-5X11)
Add component. Clean all parameters for all variants
Add component (AddParameter): Name = "ComponentLink1Description"; Value = "Manufacturer Link"; VariantName = "[No Variations]"
Add component (AddParameter): Name = "ComponentLink1URL"; Value = "http://www.vishay.com/"; VariantName = "[No Variations]"
Add component (AddParameter): Name = "ComponentLink2Description"; Value = "Datasheet"; VariantName = "[No Variations]"
Add component (AddParameter): Name = "ComponentLink2URL"; Value = "http://www.vishay.com/docs/25014/eka.pdf"; VariantName = "[No Variations]"
Add component (AddParameter): Name = "DatasheetDocument"; Value = "20-Feb-2001"; VariantName = "[No Variations]"
Add component (AddParameter): Name = "DrillSize"; Value = "Nominal, Rounded To The Nearest 0.1mm"; VariantName = "[No Variations]"
Add component (AddParameter): Name = "Note"; Value = "Refer to Manufacturer's Data Sheets for other lead formations"; VariantName = "[No Variations]"
Add component (AddParameter): Name = "PackageReference"; Value = "CAPPR2-5X11"; VariantName = "[No Variations]"
Add component (AddParameter): Name = "Published"; Value = "19-Mar-2004"; VariantName = "[No Variations]"
Add component (AddParameter): Name = "Publisher"; Value = "Altium Limited"; VariantName = "[No Variations]"
Add component (AddParameter): Name = "Value"; Value = "47uF"; VariantName = "[No Variations]"
Added Pin To Net: NetName=VCC Pin=C1-1
Added Pin To Net: NetName=VSS Pin=C1-2
Added Pin To Net: NetName=VCC Pin=C2-1
Added Pin To Net: NetName=VSS Pin=C2-2
Added Member To Class: ClassName=DE-270124 Member=Component C1 22uF
Added Member To Class: ClassName=DE-270124 Member=Component C2 22uF
